[0mPOST /api/v1/auths/signup [0m-[0m - ms - -[0m
[0mPOST /api/v1/auths/signup [33m404[0m 687.192 ms - 71[0m
[0mPOST /api/v1/auths/signup [33m404[0m 773.545 ms - 38[0m
[0mPOST /api/v1/auths/signup [33m404[0m 390.005 ms - 144[0m
[0mPOST /api/v1/auths/signup [33m404[0m 417.059 ms - 38[0m
[0mPOST /api/v1/auths/signup [33m404[0m 623.749 ms - 38[0m
[0mPOST /api/v1/auths/signup [32m201[0m 1672.425 ms - 513[0m
[0mPOST /api/v1/auths/signin [32m200[0m 769.465 ms - 432[0m
[0mPUT /api/v1/auths/resetpassword [33m400[0m 560.969 ms - 14[0m
[0mPUT /api/v1/auths/resetpassword [33m400[0m 504.722 ms - 14[0m
[0mPUT /api/v1/auths/resetpassword [32m200[0m 1021.570 ms - 229[0m
[0mPOST /api/v1/auths/reset-password/c042569bde68f3d9032a15766a8116fdbe79bda03feecd237a866551839be899 [33m404[0m 5.122 ms - 232[0m
[0mPOST /api/v1/auths/resetpassword/c042569bde68f3d9032a15766a8116fdbe79bda03feecd237a866551839be899 [33m404[0m 3.207 ms - 231[0m
[0mPOST /api/v1/auths/resetpassword/c042569bde68f3d9032a15766a8116fdbe79bda03feecd237a866551839be899 [33m404[0m 5.253 ms - 231[0m
[0mPOST /api/v1/auths/resetpassword/c042569bde68f3d9032a15766a8116fdbe79bda03feecd237a866551839be899 [33m400[0m 1202.077 ms - 14[0m
[0mPOST /api/v1/auths/resetpassword/c042569bde68f3d9032a15766a8116fdbe79bda03feecd237a866551839be899 [33m400[0m 204.892 ms - 14[0m
[0mPOST /api/v1/auths/signup [33m404[0m 209.806 ms - 56[0m
[0mPOST /api/v1/auths/signup [33m404[0m 2.366 ms - 56[0m
[0mPOST /api/v1/jobs/ [33m401[0m 1.187 ms - 27[0m
[0mPOST /api/v1/jobs/ [33m401[0m 1.762 ms - 27[0m
[0mPOST /api/v1/auths/signup [32m201[0m 655.501 ms - 516[0m
[0mPOST /api/v1/jobs/ [32m201[0m 856.067 ms - 231[0m
[0mGET /api/v1/jobs/63a0ce831dcac831662f901b [32m200[0m 208.041 ms - 220[0m
[0mPUT /api/v1/jobs/63a0ce831dcac831662f901b [32m200[0m 600.140 ms - 242[0m
[0mPOST /api/v1/auths/signin [33m401[0m 441.937 ms - 55[0m
[0mPOST /api/v1/auths/signin [33m401[0m 506.884 ms - 55[0m
[0mPUT /api/v1/auths/resetpassword [32m200[0m 545.228 ms - 228[0m
[0mPOST /api/v1/auths/resetpassword/41e94ef8177f3d65e50ebde7dcebe43f1819bc1a05c60bb42976a3bc332768a5 [32m200[0m 498.518 ms - 58[0m
[0mPOST /api/v1/auths/signin [32m200[0m 358.230 ms - 435[0m
[0mPOST /api/v1/jobs/ [32m201[0m 244.471 ms - 228[0m
[0mGET /api/v1/jobs/63c9b2460d811ec14d45b2f9 [32m200[0m 1159.154 ms - 217[0m
[0mGET /api/v1/jobs/ [33m401[0m 0.837 ms - 27[0m
[0mGET /api/v1/jobs/ [32m200[0m 179.236 ms - 392[0m
[0mPUT /api/v1/jobs/63a0ce831dcac831662f901b [32m200[0m 1722.793 ms - 244[0m
[0mDELETE /api/v1/jobs/63c9b2460d811ec14d45b2f9 [33m404[0m 9.575 ms - 178[0m
[0mDELETE /api/v1/jobs/63c9b2460d811ec14d45b2f9 [33m404[0m 2.816 ms - 178[0m
[0mDELETE /api/v1/jobs/63c9b2460d811ec14d45b2f9 [33m404[0m 6.802 ms - 178[0m
[0mDELETE /api/v1/jobs/?id=63c9b2460d811ec14d45b2f9 [32m200[0m 314.568 ms - 52[0m
[0mPOST /api/v1/jobs/ [32m201[0m 319.358 ms - 228[0m
[0mDELETE /api/v1/jobs/63c9bf2729aa2cbfdc35e586 [32m200[0m 330.893 ms - 52[0m
[0mPOST /api/v1/jobs/ [32m201[0m 429.331 ms - 228[0m
[0mDELETE /api/v1/jobs/ [32m200[0m 381.652 ms - 52[0m
[0mPUT /api/v1/jobs/users/user [33m404[0m 2.944 ms - 161[0m
[0mPUT /api/v1/jobs/users/user [33m404[0m 2.654 ms - 161[0m
[0mPUT /api/v1/jobs/users/user [33m404[0m 0.824 ms - 161[0m
[0mPUT /api/v1/users/user [32m200[0m 735.819 ms - 218[0m
[0mGET /api/v1/jobs/users/user [33m404[0m 0.580 ms - 161[0m
[0mGET /api/v1/users/user [32m200[0m 307.222 ms - 331[0m
[0mGET /api/v1/users/user [33m401[0m 0.668 ms - 27[0m
[0mGET /api/v1/users/user [32m200[0m 391.138 ms - 331[0m
[0mGET /api/v1/users/user [32m200[0m 333.099 ms - 331[0m
[0mDELETE /api/v1/users/user?id=639fa69a744837feacb1ce43 [33m401[0m 0.618 ms - 27[0m
[0mDELETE /api/v1/users/user?id=639fa69a744837feacb1ce43 [32m200[0m 789.636 ms - 362[0m
[0mPOST /api/v1/userjobs/ [32m201[0m 894.790 ms - 264[0m
[0mPOST /api/v1/userjobs/ [32m201[0m 627.553 ms - 264[0m
[0mPUT /api/v1/userjobs/63cb07a4af6ad1a37db7b4e1 [32m200[0m 1479.491 ms - 289[0m
[0mGET /api/v1/userjobs/63cb07a4af6ad1a37db7b4e1 [32m200[0m 520.663 ms - 270[0m
